Using pre-set license
Built from '2021.3/staging' branch; Version is '2021.3.6f1 (7da38d85baf6) revision 8233869'; Using compiler version '192829333'; Build Type 'Release'
OS: 'Windows 10  (10.0.19044) 64bit Core' Language: 'en' Physical Memory: 15753 MB
BatchMode: 1, IsHumanControllingUs: 0, StartBugReporterOnCrash: 0, Is64bit: 1, IsPro: 1

COMMAND LINE ARGUMENTS:
C:\Program Files\Unity\Hub\Editor\2021.3.6f1\Editor\Unity.exe
-adb2
-batchMode
-noUpm
-name
AssetImportWorker6
-projectPath
C:/Users/bardo/OneDrive/Documents/s2-project/Fpt Unity/CatchTheUniverse/CathTheUniverseGame
-logFile
Logs/AssetImportWorker6.log
-srvPort
52446
Successfully changed project path to: C:/Users/bardo/OneDrive/Documents/s2-project/Fpt Unity/CatchTheUniverse/CathTheUniverseGame
C:/Users/bardo/OneDrive/Documents/s2-project/Fpt Unity/CatchTheUniverse/CathTheUniverseGame
[UnityMemory] Configuration Parameters - Can be set up in boot.config
    "memorysetup-bucket-allocator-granularity=16"
    "memorysetup-bucket-allocator-bucket-count=8"
    "memorysetup-bucket-allocator-block-size=33554432"
    "memorysetup-bucket-allocator-block-count=8"
    "memorysetup-main-allocator-block-size=16777216"
    "memorysetup-thread-allocator-block-size=16777216"
    "memorysetup-gfx-main-allocator-block-size=16777216"
    "memorysetup-gfx-thread-allocator-block-size=16777216"
    "memorysetup-cache-allocator-block-size=4194304"
    "memorysetup-typetree-allocator-block-size=2097152"
    "memorysetup-profiler-bucket-allocator-granularity=16"
    "memorysetup-profiler-bucket-allocator-bucket-count=8"
    "memorysetup-profiler-bucket-allocator-block-size=33554432"
    "memorysetup-profiler-bucket-allocator-block-count=8"
    "memorysetup-profiler-allocator-block-size=16777216"
    "memorysetup-profiler-editor-allocator-block-size=1048576"
    "memorysetup-temp-allocator-size-main=16777216"
    "memorysetup-job-temp-allocator-block-size=2097152"
    "memorysetup-job-temp-allocator-block-size-background=1048576"
    "memorysetup-job-temp-allocator-reduction-small-platforms=262144"
    "memorysetup-temp-allocator-size-background-worker=32768"
    "memorysetup-temp-allocator-size-job-worker=262144"
    "memorysetup-temp-allocator-size-preload-manager=33554432"
    "memorysetup-temp-allocator-size-nav-mesh-worker=65536"
    "memorysetup-temp-allocator-size-audio-worker=65536"
    "memorysetup-temp-allocator-size-cloud-worker=32768"
    "memorysetup-temp-allocator-size-gi-baking-worker=262144"
    "memorysetup-temp-allocator-size-gfx=262144"
Refreshing native plugins compatible for Editor in 147.74 ms, found 4 plugins.
Preloading 0 native plugins for Editor in 0.00 ms.
Initialize engine version: 2021.3.6f1 (7da38d85baf6)
[Subsystems] Discovering subsystems at path C:/Program Files/Unity/Hub/Editor/2021.3.6f1/Editor/Data/Resources/UnitySubsystems
[Subsystems] Discovering subsystems at path C:/Users/bardo/OneDrive/Documents/s2-project/Fpt Unity/CatchTheUniverse/CathTheUniverseGame/Assets
GfxDevice: creating device client; threaded=0; jobified=0
Direct3D:
    Version:  Direct3D 11.0 [level 11.1]
    Renderer: AMD Radeon(TM) Graphics (ID=0x164c)
    Vendor:   ATI
    VRAM:     7876 MB
    Driver:   27.20.14036.8
Initialize mono
Mono path[0] = 'C:/Program Files/Unity/Hub/Editor/2021.3.6f1/Editor/Data/Managed'
Mono path[1] = 'C:/Program Files/Unity/Hub/Editor/2021.3.6f1/Editor/Data/MonoBleedingEdge/lib/mono/unityjit-win32'
Mono config path = 'C:/Program Files/Unity/Hub/Editor/2021.3.6f1/Editor/Data/MonoBleedingEdge/etc'
Using monoOptions --debugger-agent=transport=dt_socket,embedding=1,server=y,suspend=n,address=127.0.0.1:56616
Begin MonoManager ReloadAssembly
Registering precompiled unity dll's ...
Register platform support module: C:/Program Files/Unity/Hub/Editor/2021.3.6f1/Editor/Data/PlaybackEngines/AndroidPlayer/UnityEditor.Android.Extensions.dll
Register platform support module: C:/Program Files/Unity/Hub/Editor/2021.3.6f1/Editor/Data/PlaybackEngines/iOSSupport/UnityEditor.iOS.Extensions.dll
Register platform support module: C:/Program Files/Unity/Hub/Editor/2021.3.6f1/Editor/Data/PlaybackEngines/WindowsStandaloneSupport/UnityEditor.WindowsStandalone.Extensions.dll
Registered in 0.008234 seconds.
Native extension for WindowsStandalone target not found
[usbmuxd] Start listen thread
[usbmuxd] Listen thread started
Native extension for iOS target not found
Native extension for Android target not found
Refreshing native plugins compatible for Editor in 96.32 ms, found 4 plugins.
Preloading 0 native plugins for Editor in 0.00 ms.
Mono: successfully reloaded assembly
- Completed reload, in  0.701 seconds
Domain Reload Profiling:
	ReloadAssembly (701ms)
		BeginReloadAssembly (74ms)
			ExecutionOrderSort (0ms)
			DisableScriptedObjects (0ms)
			BackupInstance (0ms)
			ReleaseScriptingObjects (0ms)
			CreateAndSetChildDomain (1ms)
		EndReloadAssembly (508ms)
			LoadAssemblies (72ms)
			RebuildTransferFunctionScriptingTraits (0ms)
			SetupTypeCache (111ms)
			ReleaseScriptCaches (0ms)
			RebuildScriptCaches (30ms)
			SetupLoadedEditorAssemblies (315ms)
				LogAssemblyErrors (0ms)
				InitializePlatformSupportModulesInManaged (65ms)
				SetLoadedEditorAssemblies (0ms)
				RefreshPlugins (96ms)
				BeforeProcessingInitializeOnLoad (1ms)
				ProcessInitializeOnLoadAttributes (100ms)
				ProcessInitializeOnLoadMethodAttributes (52ms)
				AfterProcessingInitializeOnLoad (0ms)
				EditorAssembliesLoaded (0ms)
			ExecutionOrderSort2 (0ms)
			AwakeInstancesAfterBackupRestoration (0ms)
Platform modules already initialized, skipping
Registering precompiled user dll's ...
Registered in 0.007241 seconds.
Begin MonoManager ReloadAssembly
Symbol file LoadedFromMemory doesn't match image C:\Users\bardo\OneDrive\Documents\s2-project\Fpt Unity\CatchTheUniverse\CathTheUniverseGame\Library\PackageCache\com.unity.visualscripting@1.7.8\Editor\VisualScripting.Core\Dependencies\YamlDotNet\Unity.VisualScripting.YamlDotNet.dll
Symbol file LoadedFromMemory doesn't match image C:\Users\bardo\OneDrive\Documents\s2-project\Fpt Unity\CatchTheUniverse\CathTheUniverseGame\Library\PackageCache\com.unity.visualscripting@1.7.8\Editor\VisualScripting.Core\Dependencies\DotNetZip\Unity.VisualScripting.IonicZip.dll
Native extension for WindowsStandalone target not found
Native extension for iOS target not found
Native extension for Android target not found
Refreshing native plugins compatible for Editor in 94.63 ms, found 4 plugins.
Preloading 0 native plugins for Editor in 0.00 ms.
Mono: successfully reloaded assembly
- Completed reload, in  1.366 seconds
Domain Reload Profiling:
	ReloadAssembly (1367ms)
		BeginReloadAssembly (269ms)
			ExecutionOrderSort (0ms)
			DisableScriptedObjects (6ms)
			BackupInstance (0ms)
			ReleaseScriptingObjects (0ms)
			CreateAndSetChildDomain (126ms)
		EndReloadAssembly (954ms)
			LoadAssemblies (83ms)
			RebuildTransferFunctionScriptingTraits (0ms)
			SetupTypeCache (260ms)
			ReleaseScriptCaches (1ms)
			RebuildScriptCaches (63ms)
			SetupLoadedEditorAssemblies (502ms)
				LogAssemblyErrors (0ms)
				InitializePlatformSupportModulesInManaged (23ms)
				SetLoadedEditorAssemblies (0ms)
				RefreshPlugins (95ms)
				BeforeProcessingInitializeOnLoad (104ms)
				ProcessInitializeOnLoadAttributes (231ms)
				ProcessInitializeOnLoadMethodAttributes (43ms)
				AfterProcessingInitializeOnLoad (7ms)
				EditorAssembliesLoaded (0ms)
			ExecutionOrderSort2 (0ms)
			AwakeInstancesAfterBackupRestoration (5ms)
Platform modules already initialized, skipping
========================================================================
Worker process is ready to serve import requests
Launched and connected shader compiler UnityShaderCompiler.exe after 0.05 seconds
Refreshing native plugins compatible for Editor in 0.94 ms, found 4 plugins.
Preloading 0 native plugins for Editor in 0.00 ms.
Unloading 4116 Unused Serialized files (Serialized files now loaded: 0)
Unloading 38 unused Assets / (55.5 KB). Loaded Objects now: 4580.
Memory consumption went from 158.3 MB to 158.2 MB.
Total: 3.792500 ms (FindLiveObjects: 0.444400 ms CreateObjectMapping: 0.134100 ms MarkObjects: 3.081700 ms  DeleteObjects: 0.130400 ms)

AssetImportParameters requested are different than current active one (requested -> active):
  custom:video-decoder-ogg-theora: a1e56fd34408186e4bbccfd4996cb3dc -> 
  custom:container-muxer-webm: aa71ff27fc2769a1b78a27578f13a17b -> 
  custom:container-demuxer-webm: 4f35f7cbe854078d1ac9338744f61a02 -> 
  custom:video-encoder-webm-vp8: eb34c28f22e8b96e1ab97ce403110664 -> 
  custom:audio-encoder-webm-vorbis: bf7c407c2cedff20999df2af8eb42d56 -> 
  custom:framework-win-MediaFoundation: 216162199b28c13a410421893ffa2e32 -> 
  custom:container-demuxer-ogg: 62fdf1f143b41e24485cea50d1cbac27 -> 
  custom:video-decoder-webm-vp8: 9c59270c3fd7afecdb556c50c9e8de78 -> 
  custom:audio-decoder-ogg-vorbis: bf7c407c2cedff20999df2af8eb42d56 -> 
========================================================================
Received Import Request.
  Time since last request: 846957.522766 seconds.
  path: Assets/SpaceLaszer/BuiltInRenderPipeline/Prefabs/LineStrip-TextureAdditive.prefab
  artifactKey: Guid(f0c0d54774d923548af0169ee34520d1) Importer(815301076,1909f56bfc062723c751e8b465ee728b)
Start importing Assets/SpaceLaszer/BuiltInRenderPipeline/Prefabs/LineStrip-TextureAdditive.prefab using Guid(f0c0d54774d923548af0169ee34520d1) Importer(815301076,1909f56bfc062723c751e8b465ee728b)  -> (artifact id: 'd7dd7dd17ef5dc8ad45bf97c477d1272') in 0.070276 seconds 
========================================================================
Received Import Request.
  Time since last request: 63.826802 seconds.
  path: Assets/SpaceLaszer/BuiltInRenderPipeline/Materials
  artifactKey: Guid(c1a3c02fa25a73c46a2c5224a6652a08) Importer(815301076,1909f56bfc062723c751e8b465ee728b)
Start importing Assets/SpaceLaszer/BuiltInRenderPipeline/Materials using Guid(c1a3c02fa25a73c46a2c5224a6652a08) Importer(815301076,1909f56bfc062723c751e8b465ee728b)  -> (artifact id: '4c945a5be8036f59c74b8b41b663eac4') in 0.010745 seconds 
========================================================================
Received Import Request.
  Time since last request: 0.027444 seconds.
  path: Assets/SpaceLaszer/BuiltInRenderPipeline/Materials/LineStrip-LightSaber.mat
  artifactKey: Guid(93650598a03e42b43b19fe787c484e93) Importer(815301076,1909f56bfc062723c751e8b465ee728b)
Start importing Assets/SpaceLaszer/BuiltInRenderPipeline/Materials/LineStrip-LightSaber.mat using Guid(93650598a03e42b43b19fe787c484e93) Importer(815301076,1909f56bfc062723c751e8b465ee728b)  -> (artifact id: 'cbe31a57b7e510f100639cc466d1bbdf') in 0.098517 seconds 
========================================================================
Received Import Request.
  Time since last request: 0.000033 seconds.
  path: Assets/SpaceLaszer/BuiltInRenderPipeline/Materials/SingleLine-LightSaber.mat
  artifactKey: Guid(974b33ccbd786464a825203eb88b8dab) Importer(815301076,1909f56bfc062723c751e8b465ee728b)
Start importing Assets/SpaceLaszer/BuiltInRenderPipeline/Materials/SingleLine-LightSaber.mat using Guid(974b33ccbd786464a825203eb88b8dab) Importer(815301076,1909f56bfc062723c751e8b465ee728b)  -> (artifact id: '1b8cb247a15f7efa03a7913243c9ffc7') in 0.017418 seconds 
========================================================================
Received Import Request.
  Time since last request: 8.697829 seconds.
  path: Assets/SpaceLaszer/BuiltInRenderPipeline/Shaders
  artifactKey: Guid(4cb4ca9b088c43d4c994bc6ca93476a4) Importer(815301076,1909f56bfc062723c751e8b465ee728b)
Start importing Assets/SpaceLaszer/BuiltInRenderPipeline/Shaders using Guid(4cb4ca9b088c43d4c994bc6ca93476a4) Importer(815301076,1909f56bfc062723c751e8b465ee728b)  -> (artifact id: '7fbfbb852730aa98f463a5966929b67b') in 0.008417 seconds 
========================================================================
Received Import Request.
  Time since last request: 0.020216 seconds.
  path: Assets/SpaceLaszer/BuiltInRenderPipeline/Shaders/_LineStripShader.cginc
  artifactKey: Guid(41c90c70f9188b44992f35519a5837c4) Importer(815301076,1909f56bfc062723c751e8b465ee728b)
Start importing Assets/SpaceLaszer/BuiltInRenderPipeline/Shaders/_LineStripShader.cginc using Guid(41c90c70f9188b44992f35519a5837c4) Importer(815301076,1909f56bfc062723c751e8b465ee728b)  -> (artifact id: '2501a149c1779e4bd09bc7587cc61d29') in 0.021694 seconds 
========================================================================
Received Import Request.
  Time since last request: 3.000733 seconds.
  path: Assets/SpaceLaszer/BuiltInRenderPipeline/ExampleScenes
  artifactKey: Guid(97b47e52d4543a1498fa584c9521396f) Importer(815301076,1909f56bfc062723c751e8b465ee728b)
Start importing Assets/SpaceLaszer/BuiltInRenderPipeline/ExampleScenes using Guid(97b47e52d4543a1498fa584c9521396f) Importer(815301076,1909f56bfc062723c751e8b465ee728b)  -> (artifact id: 'e46020b5c66fee82c3212d0ac57efe42') in 0.008362 seconds 
========================================================================
Received Import Request.
  Time since last request: 1.432765 seconds.
  path: Assets/SpaceLaszer/BuiltInRenderPipeline/ExampleScenes/ExampleScripts
  artifactKey: Guid(bf91eff4fd210294f806376fca42f301) Importer(815301076,1909f56bfc062723c751e8b465ee728b)
Start importing Assets/SpaceLaszer/BuiltInRenderPipeline/ExampleScenes/ExampleScripts using Guid(bf91eff4fd210294f806376fca42f301) Importer(815301076,1909f56bfc062723c751e8b465ee728b)  -> (artifact id: '4cdc1baba4e4c542710cccbe1911e2ee') in 0.008034 seconds 
========================================================================
Received Import Request.
  Time since last request: 1.447534 seconds.
  path: Assets/SpaceLaszer/BuiltInRenderPipeline/ExampleScenes/ExamplePrefabs
  artifactKey: Guid(33922291d83d63b4e99f8d19b1b54aa9) Importer(815301076,1909f56bfc062723c751e8b465ee728b)
Start importing Assets/SpaceLaszer/BuiltInRenderPipeline/ExampleScenes/ExamplePrefabs using Guid(33922291d83d63b4e99f8d19b1b54aa9) Importer(815301076,1909f56bfc062723c751e8b465ee728b)  -> (artifact id: 'd62e6d7b40cc27f7aecbc95d04367ad1') in 0.009174 seconds 
========================================================================
Received Import Request.
  Time since last request: 0.477627 seconds.
  path: Assets/SpaceLaszer/BuiltInRenderPipeline/ExampleScenes/ExampleMaterials
  artifactKey: Guid(0239c99c45f2ec84eb8dfa6aaa2b2dd6) Importer(815301076,1909f56bfc062723c751e8b465ee728b)
Start importing Assets/SpaceLaszer/BuiltInRenderPipeline/ExampleScenes/ExampleMaterials using Guid(0239c99c45f2ec84eb8dfa6aaa2b2dd6) Importer(815301076,1909f56bfc062723c751e8b465ee728b)  -> (artifact id: '31d2fcb08c5f1ddcf0b0a68124f668f7') in 0.008314 seconds 
========================================================================
Received Import Request.
  Time since last request: 1.176205 seconds.
  path: Assets/SpaceLaszer/BuiltInRenderPipeline/ExampleScenes/ExamplePrefabs/Cannon.prefab
  artifactKey: Guid(98fe0711a57757841834f5d3575e660a) Importer(815301076,1909f56bfc062723c751e8b465ee728b)
Start importing Assets/SpaceLaszer/BuiltInRenderPipeline/ExampleScenes/ExamplePrefabs/Cannon.prefab using Guid(98fe0711a57757841834f5d3575e660a) Importer(815301076,1909f56bfc062723c751e8b465ee728b)  -> (artifact id: '4700a8c3a7ccf79ddd6fe8373620b39d') in 0.039302 seconds 
========================================================================
Received Prepare
Registering precompiled user dll's ...
Registered in 0.008693 seconds.
Begin MonoManager ReloadAssembly
Symbol file LoadedFromMemory doesn't match image C:\Users\bardo\OneDrive\Documents\s2-project\Fpt Unity\CatchTheUniverse\CathTheUniverseGame\Library\PackageCache\com.unity.visualscripting@1.7.8\Editor\VisualScripting.Core\Dependencies\YamlDotNet\Unity.VisualScripting.YamlDotNet.dll
Symbol file LoadedFromMemory doesn't match image C:\Users\bardo\OneDrive\Documents\s2-project\Fpt Unity\CatchTheUniverse\CathTheUniverseGame\Library\PackageCache\com.unity.visualscripting@1.7.8\Editor\VisualScripting.Core\Dependencies\DotNetZip\Unity.VisualScripting.IonicZip.dll
Native extension for WindowsStandalone target not found
Native extension for iOS target not found
Native extension for Android target not found
Refreshing native plugins compatible for Editor in 0.93 ms, found 4 plugins.
Preloading 0 native plugins for Editor in 0.00 ms.
Mono: successfully reloaded assembly
- Completed reload, in  1.093 seconds
Domain Reload Profiling:
	ReloadAssembly (1094ms)
		BeginReloadAssembly (148ms)
			ExecutionOrderSort (0ms)
			DisableScriptedObjects (7ms)
			BackupInstance (0ms)
			ReleaseScriptingObjects (0ms)
			CreateAndSetChildDomain (50ms)
		EndReloadAssembly (843ms)
			LoadAssemblies (100ms)
			RebuildTransferFunctionScriptingTraits (0ms)
			SetupTypeCache (260ms)
			ReleaseScriptCaches (2ms)
			RebuildScriptCaches (49ms)
			SetupLoadedEditorAssemblies (374ms)
				LogAssemblyErrors (0ms)
				InitializePlatformSupportModulesInManaged (34ms)
				SetLoadedEditorAssemblies (1ms)
				RefreshPlugins (1ms)
				BeforeProcessingInitializeOnLoad (84ms)
				ProcessInitializeOnLoadAttributes (206ms)
				ProcessInitializeOnLoadMethodAttributes (42ms)
				AfterProcessingInitializeOnLoad (7ms)
				EditorAssembliesLoaded (0ms)
			ExecutionOrderSort2 (0ms)
			AwakeInstancesAfterBackupRestoration (9ms)
Platform modules already initialized, skipping
Refreshing native plugins compatible for Editor in 3.20 ms, found 4 plugins.
Preloading 0 native plugins for Editor in 0.00 ms.
Unloading 4085 Unused Serialized files (Serialized files now loaded: 0)
Unloading 27 unused Assets / (25.7 KB). Loaded Objects now: 4624.
Memory consumption went from 160.3 MB to 160.3 MB.
Total: 4.900900 ms (FindLiveObjects: 0.480000 ms CreateObjectMapping: 0.185300 ms MarkObjects: 4.170200 ms  DeleteObjects: 0.063800 ms)

AssetImportParameters requested are different than current active one (requested -> active):
  custom:video-decoder-ogg-theora: a1e56fd34408186e4bbccfd4996cb3dc -> 
  custom:container-muxer-webm: aa71ff27fc2769a1b78a27578f13a17b -> 
  custom:container-demuxer-webm: 4f35f7cbe854078d1ac9338744f61a02 -> 
  custom:video-encoder-webm-vp8: eb34c28f22e8b96e1ab97ce403110664 -> 
  custom:audio-encoder-webm-vorbis: bf7c407c2cedff20999df2af8eb42d56 -> 
  custom:framework-win-MediaFoundation: 216162199b28c13a410421893ffa2e32 -> 
  custom:container-demuxer-ogg: 62fdf1f143b41e24485cea50d1cbac27 -> 
  custom:video-decoder-webm-vp8: 9c59270c3fd7afecdb556c50c9e8de78 -> 
  custom:audio-decoder-ogg-vorbis: bf7c407c2cedff20999df2af8eb42d56 -> 
========================================================================
Received Prepare
Registering precompiled user dll's ...
Registered in 0.010330 seconds.
Begin MonoManager ReloadAssembly
Symbol file LoadedFromMemory doesn't match image C:\Users\bardo\OneDrive\Documents\s2-project\Fpt Unity\CatchTheUniverse\CathTheUniverseGame\Library\PackageCache\com.unity.visualscripting@1.7.8\Editor\VisualScripting.Core\Dependencies\YamlDotNet\Unity.VisualScripting.YamlDotNet.dll
Symbol file LoadedFromMemory doesn't match image C:\Users\bardo\OneDrive\Documents\s2-project\Fpt Unity\CatchTheUniverse\CathTheUniverseGame\Library\PackageCache\com.unity.visualscripting@1.7.8\Editor\VisualScripting.Core\Dependencies\DotNetZip\Unity.VisualScripting.IonicZip.dll
Native extension for WindowsStandalone target not found
Native extension for iOS target not found
Native extension for Android target not found
Refreshing native plugins compatible for Editor in 1.57 ms, found 4 plugins.
Preloading 0 native plugins for Editor in 0.00 ms.
Mono: successfully reloaded assembly
- Completed reload, in  1.291 seconds
Domain Reload Profiling:
	ReloadAssembly (1292ms)
		BeginReloadAssembly (154ms)
			ExecutionOrderSort (0ms)
			DisableScriptedObjects (8ms)
			BackupInstance (0ms)
			ReleaseScriptingObjects (0ms)
			CreateAndSetChildDomain (49ms)
		EndReloadAssembly (1026ms)
			LoadAssemblies (113ms)
			RebuildTransferFunctionScriptingTraits (0ms)
			SetupTypeCache (315ms)
			ReleaseScriptCaches (2ms)
			RebuildScriptCaches (61ms)
			SetupLoadedEditorAssemblies (457ms)
				LogAssemblyErrors (0ms)
				InitializePlatformSupportModulesInManaged (38ms)
				SetLoadedEditorAssemblies (1ms)
				RefreshPlugins (2ms)
				BeforeProcessingInitializeOnLoad (102ms)
				ProcessInitializeOnLoadAttributes (253ms)
				ProcessInitializeOnLoadMethodAttributes (51ms)
				AfterProcessingInitializeOnLoad (10ms)
				EditorAssembliesLoaded (0ms)
			ExecutionOrderSort2 (0ms)
			AwakeInstancesAfterBackupRestoration (11ms)
Platform modules already initialized, skipping
Refreshing native plugins compatible for Editor in 2.98 ms, found 4 plugins.
Preloading 0 native plugins for Editor in 0.00 ms.
Unloading 4085 Unused Serialized files (Serialized files now loaded: 0)
Unloading 25 unused Assets / (24.6 KB). Loaded Objects now: 4627.
Memory consumption went from 160.3 MB to 160.3 MB.
Total: 5.935100 ms (FindLiveObjects: 0.696400 ms CreateObjectMapping: 0.129800 ms MarkObjects: 5.000400 ms  DeleteObjects: 0.105900 ms)

AssetImportParameters requested are different than current active one (requested -> active):
  custom:video-decoder-ogg-theora: a1e56fd34408186e4bbccfd4996cb3dc -> 
  custom:container-muxer-webm: aa71ff27fc2769a1b78a27578f13a17b -> 
  custom:container-demuxer-webm: 4f35f7cbe854078d1ac9338744f61a02 -> 
  custom:video-encoder-webm-vp8: eb34c28f22e8b96e1ab97ce403110664 -> 
  custom:audio-encoder-webm-vorbis: bf7c407c2cedff20999df2af8eb42d56 -> 
  custom:framework-win-MediaFoundation: 216162199b28c13a410421893ffa2e32 -> 
  custom:container-demuxer-ogg: 62fdf1f143b41e24485cea50d1cbac27 -> 
  custom:video-decoder-webm-vp8: 9c59270c3fd7afecdb556c50c9e8de78 -> 
  custom:audio-decoder-ogg-vorbis: bf7c407c2cedff20999df2af8eb42d56 -> 
========================================================================
Received Import Request.
  Time since last request: 54.827479 seconds.
  path: Assets/Prefabs/Coin1.prefab
  artifactKey: Guid(24c1b704b287cdc4c9f5b3f2554c5880) Importer(815301076,1909f56bfc062723c751e8b465ee728b)
Start importing Assets/Prefabs/Coin1.prefab using Guid(24c1b704b287cdc4c9f5b3f2554c5880) Importer(815301076,1909f56bfc062723c751e8b465ee728b)  -> (artifact id: 'e50e0a7dc1ef618551b43ebc624bae51') in 0.083697 seconds 
