Using pre-set license
Built from '2021.3/staging' branch; Version is '2021.3.6f1 (7da38d85baf6) revision 8233869'; Using compiler version '192829333'; Build Type 'Release'
OS: 'Windows 10  (10.0.19044) 64bit Core' Language: 'en' Physical Memory: 15753 MB
BatchMode: 1, IsHumanControllingUs: 0, StartBugReporterOnCrash: 0, Is64bit: 1, IsPro: 1

COMMAND LINE ARGUMENTS:
C:\Program Files\Unity\Hub\Editor\2021.3.6f1\Editor\Unity.exe
-adb2
-batchMode
-noUpm
-name
AssetImportWorker4
-projectPath
C:/Users/bardo/OneDrive/Documents/s2-project/Fpt Unity/CatchTheUniverse/CathTheUniverseGame
-logFile
Logs/AssetImportWorker4.log
-srvPort
52446
Successfully changed project path to: C:/Users/bardo/OneDrive/Documents/s2-project/Fpt Unity/CatchTheUniverse/CathTheUniverseGame
C:/Users/bardo/OneDrive/Documents/s2-project/Fpt Unity/CatchTheUniverse/CathTheUniverseGame
[UnityMemory] Configuration Parameters - Can be set up in boot.config
    "memorysetup-bucket-allocator-granularity=16"
    "memorysetup-bucket-allocator-bucket-count=8"
    "memorysetup-bucket-allocator-block-size=33554432"
    "memorysetup-bucket-allocator-block-count=8"
    "memorysetup-main-allocator-block-size=16777216"
    "memorysetup-thread-allocator-block-size=16777216"
    "memorysetup-gfx-main-allocator-block-size=16777216"
    "memorysetup-gfx-thread-allocator-block-size=16777216"
    "memorysetup-cache-allocator-block-size=4194304"
    "memorysetup-typetree-allocator-block-size=2097152"
    "memorysetup-profiler-bucket-allocator-granularity=16"
    "memorysetup-profiler-bucket-allocator-bucket-count=8"
    "memorysetup-profiler-bucket-allocator-block-size=33554432"
    "memorysetup-profiler-bucket-allocator-block-count=8"
    "memorysetup-profiler-allocator-block-size=16777216"
    "memorysetup-profiler-editor-allocator-block-size=1048576"
    "memorysetup-temp-allocator-size-main=16777216"
    "memorysetup-job-temp-allocator-block-size=2097152"
    "memorysetup-job-temp-allocator-block-size-background=1048576"
    "memorysetup-job-temp-allocator-reduction-small-platforms=262144"
    "memorysetup-temp-allocator-size-background-worker=32768"
    "memorysetup-temp-allocator-size-job-worker=262144"
    "memorysetup-temp-allocator-size-preload-manager=33554432"
    "memorysetup-temp-allocator-size-nav-mesh-worker=65536"
    "memorysetup-temp-allocator-size-audio-worker=65536"
    "memorysetup-temp-allocator-size-cloud-worker=32768"
    "memorysetup-temp-allocator-size-gi-baking-worker=262144"
    "memorysetup-temp-allocator-size-gfx=262144"
Refreshing native plugins compatible for Editor in 116.23 ms, found 4 plugins.
Preloading 0 native plugins for Editor in 0.00 ms.
Initialize engine version: 2021.3.6f1 (7da38d85baf6)
[Subsystems] Discovering subsystems at path C:/Program Files/Unity/Hub/Editor/2021.3.6f1/Editor/Data/Resources/UnitySubsystems
[Subsystems] Discovering subsystems at path C:/Users/bardo/OneDrive/Documents/s2-project/Fpt Unity/CatchTheUniverse/CathTheUniverseGame/Assets
GfxDevice: creating device client; threaded=0; jobified=0
Direct3D:
    Version:  Direct3D 11.0 [level 11.1]
    Renderer: AMD Radeon(TM) Graphics (ID=0x164c)
    Vendor:   ATI
    VRAM:     7876 MB
    Driver:   27.20.14036.8
Initialize mono
Mono path[0] = 'C:/Program Files/Unity/Hub/Editor/2021.3.6f1/Editor/Data/Managed'
Mono path[1] = 'C:/Program Files/Unity/Hub/Editor/2021.3.6f1/Editor/Data/MonoBleedingEdge/lib/mono/unityjit-win32'
Mono config path = 'C:/Program Files/Unity/Hub/Editor/2021.3.6f1/Editor/Data/MonoBleedingEdge/etc'
Using monoOptions --debugger-agent=transport=dt_socket,embedding=1,server=y,suspend=n,address=127.0.0.1:56372
Begin MonoManager ReloadAssembly
Registering precompiled unity dll's ...
Register platform support module: C:/Program Files/Unity/Hub/Editor/2021.3.6f1/Editor/Data/PlaybackEngines/AndroidPlayer/UnityEditor.Android.Extensions.dll
Register platform support module: C:/Program Files/Unity/Hub/Editor/2021.3.6f1/Editor/Data/PlaybackEngines/iOSSupport/UnityEditor.iOS.Extensions.dll
Register platform support module: C:/Program Files/Unity/Hub/Editor/2021.3.6f1/Editor/Data/PlaybackEngines/WindowsStandaloneSupport/UnityEditor.WindowsStandalone.Extensions.dll
Registered in 0.008063 seconds.
Native extension for WindowsStandalone target not found
[usbmuxd] Start listen thread
[usbmuxd] Listen thread started
Native extension for iOS target not found
Native extension for Android target not found
Refreshing native plugins compatible for Editor in 96.70 ms, found 4 plugins.
Preloading 0 native plugins for Editor in 0.00 ms.
Mono: successfully reloaded assembly
- Completed reload, in  0.710 seconds
Domain Reload Profiling:
	ReloadAssembly (711ms)
		BeginReloadAssembly (75ms)
			ExecutionOrderSort (0ms)
			DisableScriptedObjects (0ms)
			BackupInstance (0ms)
			ReleaseScriptingObjects (0ms)
			CreateAndSetChildDomain (1ms)
		EndReloadAssembly (523ms)
			LoadAssemblies (74ms)
			RebuildTransferFunctionScriptingTraits (0ms)
			SetupTypeCache (129ms)
			ReleaseScriptCaches (0ms)
			RebuildScriptCaches (30ms)
			SetupLoadedEditorAssemblies (309ms)
				LogAssemblyErrors (0ms)
				InitializePlatformSupportModulesInManaged (65ms)
				SetLoadedEditorAssemblies (0ms)
				RefreshPlugins (97ms)
				BeforeProcessingInitializeOnLoad (1ms)
				ProcessInitializeOnLoadAttributes (98ms)
				ProcessInitializeOnLoadMethodAttributes (48ms)
				AfterProcessingInitializeOnLoad (0ms)
				EditorAssembliesLoaded (0ms)
			ExecutionOrderSort2 (0ms)
			AwakeInstancesAfterBackupRestoration (0ms)
Platform modules already initialized, skipping
Registering precompiled user dll's ...
Registered in 0.006996 seconds.
Begin MonoManager ReloadAssembly
Symbol file LoadedFromMemory doesn't match image C:\Users\bardo\OneDrive\Documents\s2-project\Fpt Unity\CatchTheUniverse\CathTheUniverseGame\Library\PackageCache\com.unity.visualscripting@1.7.8\Editor\VisualScripting.Core\Dependencies\YamlDotNet\Unity.VisualScripting.YamlDotNet.dll
Symbol file LoadedFromMemory doesn't match image C:\Users\bardo\OneDrive\Documents\s2-project\Fpt Unity\CatchTheUniverse\CathTheUniverseGame\Library\PackageCache\com.unity.visualscripting@1.7.8\Editor\VisualScripting.Core\Dependencies\DotNetZip\Unity.VisualScripting.IonicZip.dll
Native extension for WindowsStandalone target not found
Native extension for iOS target not found
Native extension for Android target not found
Refreshing native plugins compatible for Editor in 94.99 ms, found 4 plugins.
Preloading 0 native plugins for Editor in 0.00 ms.
Mono: successfully reloaded assembly
- Completed reload, in  1.341 seconds
Domain Reload Profiling:
	ReloadAssembly (1342ms)
		BeginReloadAssembly (231ms)
			ExecutionOrderSort (0ms)
			DisableScriptedObjects (6ms)
			BackupInstance (0ms)
			ReleaseScriptingObjects (0ms)
			CreateAndSetChildDomain (136ms)
		EndReloadAssembly (987ms)
			LoadAssemblies (88ms)
			RebuildTransferFunctionScriptingTraits (0ms)
			SetupTypeCache (274ms)
			ReleaseScriptCaches (1ms)
			RebuildScriptCaches (62ms)
			SetupLoadedEditorAssemblies (515ms)
				LogAssemblyErrors (0ms)
				InitializePlatformSupportModulesInManaged (24ms)
				SetLoadedEditorAssemblies (0ms)
				RefreshPlugins (95ms)
				BeforeProcessingInitializeOnLoad (106ms)
				ProcessInitializeOnLoadAttributes (238ms)
				ProcessInitializeOnLoadMethodAttributes (45ms)
				AfterProcessingInitializeOnLoad (7ms)
				EditorAssembliesLoaded (0ms)
			ExecutionOrderSort2 (0ms)
			AwakeInstancesAfterBackupRestoration (5ms)
Platform modules already initialized, skipping
========================================================================
Worker process is ready to serve import requests
Launched and connected shader compiler UnityShaderCompiler.exe after 0.04 seconds
Refreshing native plugins compatible for Editor in 1.25 ms, found 4 plugins.
Preloading 0 native plugins for Editor in 0.00 ms.
Unloading 4116 Unused Serialized files (Serialized files now loaded: 0)
Unloading 38 unused Assets / (55.5 KB). Loaded Objects now: 4580.
Memory consumption went from 158.3 MB to 158.2 MB.
Total: 4.000400 ms (FindLiveObjects: 0.379900 ms CreateObjectMapping: 0.124000 ms MarkObjects: 3.387000 ms  DeleteObjects: 0.108000 ms)

AssetImportParameters requested are different than current active one (requested -> active):
  custom:video-decoder-ogg-theora: a1e56fd34408186e4bbccfd4996cb3dc -> 
  custom:container-muxer-webm: aa71ff27fc2769a1b78a27578f13a17b -> 
  custom:container-demuxer-webm: 4f35f7cbe854078d1ac9338744f61a02 -> 
  custom:video-encoder-webm-vp8: eb34c28f22e8b96e1ab97ce403110664 -> 
  custom:audio-encoder-webm-vorbis: bf7c407c2cedff20999df2af8eb42d56 -> 
  custom:framework-win-MediaFoundation: 216162199b28c13a410421893ffa2e32 -> 
  custom:container-demuxer-ogg: 62fdf1f143b41e24485cea50d1cbac27 -> 
  custom:video-decoder-webm-vp8: 9c59270c3fd7afecdb556c50c9e8de78 -> 
  custom:audio-decoder-ogg-vorbis: bf7c407c2cedff20999df2af8eb42d56 -> 
========================================================================
Received Import Request.
  Time since last request: 846443.027658 seconds.
  path: Assets/Basic_RPG_Icons/From_PONETI_RPG.pdf
  artifactKey: Guid(baf89e91a6dcaa649b5b22966cfe8040) Importer(815301076,1909f56bfc062723c751e8b465ee728b)
Start importing Assets/Basic_RPG_Icons/From_PONETI_RPG.pdf using Guid(baf89e91a6dcaa649b5b22966cfe8040) Importer(815301076,1909f56bfc062723c751e8b465ee728b)  -> (artifact id: 'fd09c151dd61ff7e5a2a6befa68a7c6f') in 0.037983 seconds 
========================================================================
Received Import Request.
  Time since last request: 5.219769 seconds.
  path: Assets/Basic_RPG_Icons/Skills/No_bg
  artifactKey: Guid(a1e4ad69daa99344493dcf3095ac8df0) Importer(815301076,1909f56bfc062723c751e8b465ee728b)
Start importing Assets/Basic_RPG_Icons/Skills/No_bg using Guid(a1e4ad69daa99344493dcf3095ac8df0) Importer(815301076,1909f56bfc062723c751e8b465ee728b)  -> (artifact id: '44cee6d7275f1f41b11e046b8c66115f') in 0.008707 seconds 
========================================================================
Received Import Request.
  Time since last request: 0.036976 seconds.
  path: Assets/Basic_RPG_Icons/Skills/No_bg/01_Fireball_nobg.png
  artifactKey: Guid(4a8b11548ae1ade4ba8602f9191f1807) Importer(815301076,1909f56bfc062723c751e8b465ee728b)
Start importing Assets/Basic_RPG_Icons/Skills/No_bg/01_Fireball_nobg.png using Guid(4a8b11548ae1ade4ba8602f9191f1807) Importer(815301076,1909f56bfc062723c751e8b465ee728b)  -> (artifact id: '869745dcef9f8249865616b8b7767a01') in 0.111765 seconds 
========================================================================
Received Import Request.
  Time since last request: 0.000039 seconds.
  path: Assets/Basic_RPG_Icons/Skills/No_bg/07_Lightning_Strike_nobg.png
  artifactKey: Guid(8e37c55a9648d4442808e911dafdf8f0) Importer(815301076,1909f56bfc062723c751e8b465ee728b)
Start importing Assets/Basic_RPG_Icons/Skills/No_bg/07_Lightning_Strike_nobg.png using Guid(8e37c55a9648d4442808e911dafdf8f0) Importer(815301076,1909f56bfc062723c751e8b465ee728b)  -> (artifact id: 'c43c95c9df3636ff481ac42a515f275b') in 0.039243 seconds 
========================================================================
Received Import Request.
  Time since last request: 0.000028 seconds.
  path: Assets/Basic_RPG_Icons/Skills/No_bg/06_Lightning_Bolt_nobg.png
  artifactKey: Guid(cc1940d6befa78a44aaa92ecf8644d76) Importer(815301076,1909f56bfc062723c751e8b465ee728b)
Start importing Assets/Basic_RPG_Icons/Skills/No_bg/06_Lightning_Bolt_nobg.png using Guid(cc1940d6befa78a44aaa92ecf8644d76) Importer(815301076,1909f56bfc062723c751e8b465ee728b)  -> (artifact id: 'ffdf03f99c928ab567129c71b2a32b55') in 0.041026 seconds 
========================================================================
Received Prepare
Registering precompiled user dll's ...
Registered in 0.008093 seconds.
Begin MonoManager ReloadAssembly
Symbol file LoadedFromMemory doesn't match image C:\Users\bardo\OneDrive\Documents\s2-project\Fpt Unity\CatchTheUniverse\CathTheUniverseGame\Library\PackageCache\com.unity.visualscripting@1.7.8\Editor\VisualScripting.Core\Dependencies\YamlDotNet\Unity.VisualScripting.YamlDotNet.dll
Symbol file LoadedFromMemory doesn't match image C:\Users\bardo\OneDrive\Documents\s2-project\Fpt Unity\CatchTheUniverse\CathTheUniverseGame\Library\PackageCache\com.unity.visualscripting@1.7.8\Editor\VisualScripting.Core\Dependencies\DotNetZip\Unity.VisualScripting.IonicZip.dll
Native extension for WindowsStandalone target not found
Native extension for iOS target not found
Native extension for Android target not found
Refreshing native plugins compatible for Editor in 1.42 ms, found 4 plugins.
Preloading 0 native plugins for Editor in 0.00 ms.
Mono: successfully reloaded assembly
- Completed reload, in  1.323 seconds
Domain Reload Profiling:
	ReloadAssembly (1324ms)
		BeginReloadAssembly (149ms)
			ExecutionOrderSort (0ms)
			DisableScriptedObjects (6ms)
			BackupInstance (0ms)
			ReleaseScriptingObjects (0ms)
			CreateAndSetChildDomain (51ms)
		EndReloadAssembly (1061ms)
			LoadAssemblies (98ms)
			RebuildTransferFunctionScriptingTraits (0ms)
			SetupTypeCache (289ms)
			ReleaseScriptCaches (3ms)
			RebuildScriptCaches (68ms)
			SetupLoadedEditorAssemblies (503ms)
				LogAssemblyErrors (0ms)
				InitializePlatformSupportModulesInManaged (44ms)
				SetLoadedEditorAssemblies (1ms)
				RefreshPlugins (2ms)
				BeforeProcessingInitializeOnLoad (117ms)
				ProcessInitializeOnLoadAttributes (272ms)
				ProcessInitializeOnLoadMethodAttributes (57ms)
				AfterProcessingInitializeOnLoad (11ms)
				EditorAssembliesLoaded (1ms)
			ExecutionOrderSort2 (0ms)
			AwakeInstancesAfterBackupRestoration (15ms)
Platform modules already initialized, skipping
Refreshing native plugins compatible for Editor in 4.69 ms, found 4 plugins.
Preloading 0 native plugins for Editor in 0.00 ms.
Unloading 4085 Unused Serialized files (Serialized files now loaded: 0)
Unloading 25 unused Assets / (24.6 KB). Loaded Objects now: 4589.
Memory consumption went from 160.0 MB to 160.0 MB.
Total: 6.007200 ms (FindLiveObjects: 0.587700 ms CreateObjectMapping: 0.151300 ms MarkObjects: 5.225000 ms  DeleteObjects: 0.040600 ms)

AssetImportParameters requested are different than current active one (requested -> active):
  custom:video-decoder-ogg-theora: a1e56fd34408186e4bbccfd4996cb3dc -> 
  custom:container-muxer-webm: aa71ff27fc2769a1b78a27578f13a17b -> 
  custom:container-demuxer-webm: 4f35f7cbe854078d1ac9338744f61a02 -> 
  custom:video-encoder-webm-vp8: eb34c28f22e8b96e1ab97ce403110664 -> 
  custom:audio-encoder-webm-vorbis: bf7c407c2cedff20999df2af8eb42d56 -> 
  custom:framework-win-MediaFoundation: 216162199b28c13a410421893ffa2e32 -> 
  custom:container-demuxer-ogg: 62fdf1f143b41e24485cea50d1cbac27 -> 
  custom:video-decoder-webm-vp8: 9c59270c3fd7afecdb556c50c9e8de78 -> 
  custom:audio-decoder-ogg-vorbis: bf7c407c2cedff20999df2af8eb42d56 -> 
========================================================================
Received Prepare
Registering precompiled user dll's ...
Registered in 0.007684 seconds.
Begin MonoManager ReloadAssembly
Symbol file LoadedFromMemory doesn't match image C:\Users\bardo\OneDrive\Documents\s2-project\Fpt Unity\CatchTheUniverse\CathTheUniverseGame\Library\PackageCache\com.unity.visualscripting@1.7.8\Editor\VisualScripting.Core\Dependencies\YamlDotNet\Unity.VisualScripting.YamlDotNet.dll
Symbol file LoadedFromMemory doesn't match image C:\Users\bardo\OneDrive\Documents\s2-project\Fpt Unity\CatchTheUniverse\CathTheUniverseGame\Library\PackageCache\com.unity.visualscripting@1.7.8\Editor\VisualScripting.Core\Dependencies\DotNetZip\Unity.VisualScripting.IonicZip.dll
Native extension for WindowsStandalone target not found
Native extension for iOS target not found
Native extension for Android target not found
Refreshing native plugins compatible for Editor in 1.01 ms, found 4 plugins.
Preloading 0 native plugins for Editor in 0.00 ms.
Mono: successfully reloaded assembly
- Completed reload, in  1.166 seconds
Domain Reload Profiling:
	ReloadAssembly (1167ms)
		BeginReloadAssembly (135ms)
			ExecutionOrderSort (0ms)
			DisableScriptedObjects (7ms)
			BackupInstance (0ms)
			ReleaseScriptingObjects (0ms)
			CreateAndSetChildDomain (43ms)
		EndReloadAssembly (934ms)
			LoadAssemblies (94ms)
			RebuildTransferFunctionScriptingTraits (0ms)
			SetupTypeCache (276ms)
			ReleaseScriptCaches (2ms)
			RebuildScriptCaches (55ms)
			SetupLoadedEditorAssemblies (439ms)
				LogAssemblyErrors (0ms)
				InitializePlatformSupportModulesInManaged (42ms)
				SetLoadedEditorAssemblies (1ms)
				RefreshPlugins (1ms)
				BeforeProcessingInitializeOnLoad (94ms)
				ProcessInitializeOnLoadAttributes (248ms)
				ProcessInitializeOnLoadMethodAttributes (45ms)
				AfterProcessingInitializeOnLoad (7ms)
				EditorAssembliesLoaded (0ms)
			ExecutionOrderSort2 (0ms)
			AwakeInstancesAfterBackupRestoration (9ms)
Platform modules already initialized, skipping
Refreshing native plugins compatible for Editor in 4.41 ms, found 4 plugins.
Preloading 0 native plugins for Editor in 0.00 ms.
Unloading 4085 Unused Serialized files (Serialized files now loaded: 0)
Unloading 25 unused Assets / (24.7 KB). Loaded Objects now: 4592.
Memory consumption went from 160.0 MB to 160.0 MB.
Total: 5.191200 ms (FindLiveObjects: 0.407300 ms CreateObjectMapping: 0.121300 ms MarkObjects: 4.599200 ms  DeleteObjects: 0.061000 ms)

AssetImportParameters requested are different than current active one (requested -> active):
  custom:video-decoder-ogg-theora: a1e56fd34408186e4bbccfd4996cb3dc -> 
  custom:container-muxer-webm: aa71ff27fc2769a1b78a27578f13a17b -> 
  custom:container-demuxer-webm: 4f35f7cbe854078d1ac9338744f61a02 -> 
  custom:video-encoder-webm-vp8: eb34c28f22e8b96e1ab97ce403110664 -> 
  custom:audio-encoder-webm-vorbis: bf7c407c2cedff20999df2af8eb42d56 -> 
  custom:framework-win-MediaFoundation: 216162199b28c13a410421893ffa2e32 -> 
  custom:container-demuxer-ogg: 62fdf1f143b41e24485cea50d1cbac27 -> 
  custom:video-decoder-webm-vp8: 9c59270c3fd7afecdb556c50c9e8de78 -> 
  custom:audio-decoder-ogg-vorbis: bf7c407c2cedff20999df2af8eb42d56 -> 
========================================================================
Received Import Request.
  Time since last request: 478.956654 seconds.
  path: Assets/SpellBookPreface/SpellBookPreface_png/01_Fireball.png
  artifactKey: Guid(9f69b220176e6964fbd87f5f158d45e3) Importer(815301076,1909f56bfc062723c751e8b465ee728b)
Start importing Assets/SpellBookPreface/SpellBookPreface_png/01_Fireball.png using Guid(9f69b220176e6964fbd87f5f158d45e3) Importer(815301076,1909f56bfc062723c751e8b465ee728b)  -> (artifact id: 'd9644500ef35cef3c6b0db8db13c05af') in 0.099639 seconds 
========================================================================
Received Import Request.
  Time since last request: 0.000041 seconds.
  path: Assets/SpellBookPreface/SpellBookPreface_png/06_Lightning_Bolt.png
  artifactKey: Guid(448d600b6b959074d94c8933775142fc) Importer(815301076,1909f56bfc062723c751e8b465ee728b)
Start importing Assets/SpellBookPreface/SpellBookPreface_png/06_Lightning_Bolt.png using Guid(448d600b6b959074d94c8933775142fc) Importer(815301076,1909f56bfc062723c751e8b465ee728b)  -> (artifact id: 'cb9eb1cbcb18be312a0eefe5c4741a6d') in 0.036115 seconds 
========================================================================
Received Import Request.
  Time since last request: 0.000054 seconds.
  path: Assets/SpellBookPreface/SpellBookPreface_png/03_Fire_rain.png
  artifactKey: Guid(0d852f5493cecf94a90183f3f83ce947) Importer(815301076,1909f56bfc062723c751e8b465ee728b)
Start importing Assets/SpellBookPreface/SpellBookPreface_png/03_Fire_rain.png using Guid(0d852f5493cecf94a90183f3f83ce947) Importer(815301076,1909f56bfc062723c751e8b465ee728b)  -> (artifact id: '44e3686fee4f682976ae8f6af2e1a2be') in 0.038151 seconds 
========================================================================
Received Import Request.
  Time since last request: 0.000077 seconds.
  path: Assets/SpellBookPreface/SpellBookPreface_png/15_curse.png
  artifactKey: Guid(2531e15fe967a354d9d28c9cfc1d71ca) Importer(815301076,1909f56bfc062723c751e8b465ee728b)
Start importing Assets/SpellBookPreface/SpellBookPreface_png/15_curse.png using Guid(2531e15fe967a354d9d28c9cfc1d71ca) Importer(815301076,1909f56bfc062723c751e8b465ee728b)  -> (artifact id: '24874e723f60ccdfd6251876770c2f9e') in 0.043389 seconds 
========================================================================
Received Import Request.
  Time since last request: 0.000041 seconds.
  path: Assets/SpellBookPreface/SpellBookPreface_png/13_Healing_spell_2.png
  artifactKey: Guid(2e350bcef09f70943ba03de78d8c063a) Importer(815301076,1909f56bfc062723c751e8b465ee728b)
Start importing Assets/SpellBookPreface/SpellBookPreface_png/13_Healing_spell_2.png using Guid(2e350bcef09f70943ba03de78d8c063a) Importer(815301076,1909f56bfc062723c751e8b465ee728b)  -> (artifact id: 'c4efbdcb18433f6ef5086f52ec68fb17') in 0.031669 seconds 
========================================================================
Received Import Request.
  Time since last request: 0.000050 seconds.
  path: Assets/SpellBookPreface/SpellBookPreface_png/04_Ice_Nova.png
  artifactKey: Guid(6f98b3e70c3ad8a48a0396785dad48e8) Importer(815301076,1909f56bfc062723c751e8b465ee728b)
Start importing Assets/SpellBookPreface/SpellBookPreface_png/04_Ice_Nova.png using Guid(6f98b3e70c3ad8a48a0396785dad48e8) Importer(815301076,1909f56bfc062723c751e8b465ee728b)  -> (artifact id: 'dde57ba6730512eb99d18eebc1b4736d') in 0.037100 seconds 
========================================================================
Received Import Request.
  Time since last request: 0.000042 seconds.
  path: Assets/SpellBookPreface/SpellBookPreface_png/08_Blink.png
  artifactKey: Guid(62ce59ce09148c847b198159a3abc9f6) Importer(815301076,1909f56bfc062723c751e8b465ee728b)
Start importing Assets/SpellBookPreface/SpellBookPreface_png/08_Blink.png using Guid(62ce59ce09148c847b198159a3abc9f6) Importer(815301076,1909f56bfc062723c751e8b465ee728b)  -> (artifact id: 'a69e34070372d23ee6729b3279a6323f') in 0.039078 seconds 
========================================================================
Received Import Request.
  Time since last request: 0.000065 seconds.
  path: Assets/SpellBookPreface/SpellBookPreface_png/16_life_drain.png
  artifactKey: Guid(c1d35b40e3fb0f9438f23087432d9765) Importer(815301076,1909f56bfc062723c751e8b465ee728b)
Start importing Assets/SpellBookPreface/SpellBookPreface_png/16_life_drain.png using Guid(c1d35b40e3fb0f9438f23087432d9765) Importer(815301076,1909f56bfc062723c751e8b465ee728b)  -> (artifact id: 'b6432f69f3d9cb0b86483904729db512') in 0.045433 seconds 
========================================================================
Received Import Request.
  Time since last request: 23.169432 seconds.
  path: Assets/SpaceLaszer/Volumetric Lines Documentation.pdf
  artifactKey: Guid(244014588634ac349b1aae7c0ce28859) Importer(815301076,1909f56bfc062723c751e8b465ee728b)
Start importing Assets/SpaceLaszer/Volumetric Lines Documentation.pdf using Guid(244014588634ac349b1aae7c0ce28859) Importer(815301076,1909f56bfc062723c751e8b465ee728b)  -> (artifact id: '45c4ca9452800af8ee704aa131932f6d') in 0.010144 seconds 
========================================================================
Received Import Request.
  Time since last request: 4.010443 seconds.
  path: Assets/SpaceLaszer/Scripts
  artifactKey: Guid(efda95c08f4370f45ac08e2ee6544043) Importer(815301076,1909f56bfc062723c751e8b465ee728b)
Start importing Assets/SpaceLaszer/Scripts using Guid(efda95c08f4370f45ac08e2ee6544043) Importer(815301076,1909f56bfc062723c751e8b465ee728b)  -> (artifact id: '58b2ede27edbfe3047e33ded6e1a6867') in 0.007674 seconds 
========================================================================
Received Import Request.
  Time since last request: 1.254261 seconds.
  path: Assets/SpaceLaszer/BuiltInRenderPipeline
  artifactKey: Guid(c8e363cd77bc5b244ade87db01ecf3f8) Importer(815301076,1909f56bfc062723c751e8b465ee728b)
Start importing Assets/SpaceLaszer/BuiltInRenderPipeline using Guid(c8e363cd77bc5b244ade87db01ecf3f8) Importer(815301076,1909f56bfc062723c751e8b465ee728b)  -> (artifact id: 'e1e9ed12a94222526d8a153b22b398aa') in 0.008184 seconds 
========================================================================
Received Import Request.
  Time since last request: 1.021919 seconds.
  path: Assets/SpaceLaszer/BuiltInRenderPipeline/Prefabs
  artifactKey: Guid(ce99dc68aa30d104292694c9c24ee6a0) Importer(815301076,1909f56bfc062723c751e8b465ee728b)
Start importing Assets/SpaceLaszer/BuiltInRenderPipeline/Prefabs using Guid(ce99dc68aa30d104292694c9c24ee6a0) Importer(815301076,1909f56bfc062723c751e8b465ee728b)  -> (artifact id: '61bac2dfbb85f3ea615aa682ac0898df') in 0.008441 seconds 
========================================================================
Received Import Request.
  Time since last request: 0.019213 seconds.
  path: Assets/SpaceLaszer/BuiltInRenderPipeline/Prefabs/LineStrip-LightSaber.prefab
  artifactKey: Guid(158489636c6d50d4290c11b03aa00742) Importer(815301076,1909f56bfc062723c751e8b465ee728b)
Start importing Assets/SpaceLaszer/BuiltInRenderPipeline/Prefabs/LineStrip-LightSaber.prefab using Guid(158489636c6d50d4290c11b03aa00742) Importer(815301076,1909f56bfc062723c751e8b465ee728b)  -> (artifact id: '8db6de1ba59401d6f01adc6a878aa3cd') in 0.035566 seconds 
========================================================================
Received Import Request.
  Time since last request: 0.000036 seconds.
  path: Assets/SpaceLaszer/BuiltInRenderPipeline/Prefabs/SingleLine-TextureAdditive.prefab
  artifactKey: Guid(66e0018a9e63c4348b7a340890e5b30c) Importer(815301076,1909f56bfc062723c751e8b465ee728b)
Start importing Assets/SpaceLaszer/BuiltInRenderPipeline/Prefabs/SingleLine-TextureAdditive.prefab using Guid(66e0018a9e63c4348b7a340890e5b30c) Importer(815301076,1909f56bfc062723c751e8b465ee728b)  -> (artifact id: 'ddb77b2e6b5c078ce9e1449654da0499') in 0.023387 seconds 
Editor requested this worker to shutdown with reason: Scaling down because of idle timeout
AssetImportWorker is now disconnected from the server
Process exiting
Exiting without the bug reporter. Application will terminate with return code 0